<?xml version="1.0" encoding="utf-8"?><testsuites name="pytest tests"><testsuite name="pytest" errors="0" failures="0" skipped="0" tests="16" time="3.225" timestamp="2026-05-13T18:19:41.956809+00:00" hostname="agent-env-475e33cf-05ad-4ffe-83b4-aa86818fafe6"><testcase classname="backend.tests.backend_test.TestHealth" name="test_root" time="0.218" /><testcase classname="backend.tests.backend_test.TestAuth" name="test_login_bad_credentials" time="0.272" /><testcase classname="backend.tests.backend_test.TestAuth" name="test_login_success_sets_cookie" time="0.352" /><testcase classname="backend.tests.backend_test.TestAuth" name="test_me_without_cookie" time="0.146" /><testcase classname="backend.tests.backend_test.TestAuth" name="test_me_with_cookie" time="0.422" /><testcase classname="backend.tests.backend_test.TestAuth" name="test_logout_clears_cookie" time="0.528" /><testcase classname="backend.tests.backend_test.TestQuotes" name="test_create_quote_public" time="0.057" /><testcase classname="backend.tests.backend_test.TestQuotes" name="test_list_quotes_unauthorized" time="0.152" /><testcase classname="backend.tests.backend_test.TestQuotes" name="test_list_quotes_authorized" time="0.068" /><testcase classname="backend.tests.backend_test.TestQuotes" name="test_update_status_valid" time="0.072" /><testcase classname="backend.tests.backend_test.TestQuotes" name="test_update_status_invalid" time="0.066" /><testcase classname="backend.tests.backend_test.TestQuotes" name="test_update_status_unauthorized" time="0.143" /><testcase classname="backend.tests.backend_test.TestContact" name="test_create_contact_public" time="0.048" /><testcase classname="backend.tests.backend_test.TestContact" name="test_list_contact_unauthorized" time="0.357" /><testcase classname="backend.tests.backend_test.TestContact" name="test_list_contact_authorized" time="0.061" /><testcase classname="backend.tests.backend_test.TestContact" name="test_mark_read" time="0.064" /></testsuite></testsuites>